<?xml version="1.0" encoding="UTF-8"?>
<!-- Generated by org.testng.reporters.JUnitReportReporter -->
<testsuite hostname="DESKTOP-R8LNRUV" failures="0" tests="1" name="testCases.Temp" time="31.565" errors="0" timestamp="2022-10-17T23:15:45 MYT" skipped="0">
  <testcase classname="testCases.Temp" name="test_sample" time="31.565"/>
  <system-out/>
</testsuite> <!-- testCases.Temp -->
