<?xml version="1.0" encoding="UTF-8"?>
<!-- Generated by org.testng.reporters.JUnitReportReporter -->
<testsuite skipped="0" hostname="DESKTOP-R8LNRUV" name="testCases.TestCase_Scenario_0001" tests="1" failures="0" timestamp="2022-10-18T14:54:21 SGT" time="226.696" errors="0">
  <testcase name="test_CIMBDeals_scn0001" time="226.696" classname="testCases.TestCase_Scenario_0001"/>
  <system-out/>
</testsuite> <!-- testCases.TestCase_Scenario_0001 -->
